<?xml version="1.0" encoding="utf-8"?>
<testsuites disabled="0" errors="0" failures="0" tests="167" time="2496.7390000000305">
	<testsuite disabled="0" errors="0" failures="0" name="schemathesis" skipped="0" tests="167" time="2496.7390000000305" hostname="DESKTOP-BQ7LKP2">
		<testcase name="POST /auth/login" time="14.359000"/>
		<testcase name="GET /" time="2.875000"/>
		<testcase name="GET /auth/me" time="2.922000"/>
		<testcase name="GET /committees/" time="7.328000"/>
		<testcase name="GET /faculties/" time="3.500000"/>
		<testcase name="GET /health" time="3.828000"/>
		<testcase name="GET /ready" time="4.703000"/>
		<testcase name="POST /academic-calendar/" time="20.938000"/>
		<testcase name="POST /academic-rules/" time="17.031000"/>
		<testcase name="POST /activity-logs/" time="19.953000"/>
		<testcase name="POST /announcements/" time="19.782000"/>
		<testcase name="POST /attendance/" time="37.906000"/>
		<testcase name="POST /attendance/bulk" time="29.985000"/>
		<testcase name="POST /committees/" time="34.016000"/>
		<testcase name="POST /committees/{committee_id}/students" time="22.750000"/>
		<testcase name="POST /course-closures/" time="18.937000"/>
		<testcase name="POST /course-equivalences/" time="16.437000"/>
		<testcase name="POST /courses/" time="43.141000"/>
		<testcase name="POST /courses/{course_id}/prerequisites" time="14.984000"/>
		<testcase name="POST /departments/" time="19.282000"/>
		<testcase name="POST /enrollments/" time="19.438000"/>
		<testcase name="POST /faculties/" time="20.547000"/>
		<testcase name="POST /fee-setup/" time="19.312000"/>
		<testcase name="POST /financial/" time="31.735000"/>
		<testcase name="POST /financial/fee-setup/" time="19.702000"/>
		<testcase name="POST /grades/" time="39.470000"/>
		<testcase name="POST /programs/" time="38.874000"/>
		<testcase name="POST /registration-requests/" time="16.345000"/>
		<testcase name="POST /registration-requests/blocks/" time="17.203000"/>
		<testcase name="POST /regulations/" time="26.937000"/>
		<testcase name="POST /report-signatures/" time="24.390000"/>
		<testcase name="POST /rooms/" time="33.828000"/>
		<testcase name="POST /schedules/" time="39.485000"/>
		<testcase name="POST /schedules/auto-generate" time="15.156000"/>
		<testcase name="POST /schedules/bulk-create" time="39.328000"/>
		<testcase name="POST /schedules/check-conflict" time="17.374000"/>
		<testcase name="POST /staff/" time="26.079000"/>
		<testcase name="POST /student-documents/" time="20.734000"/>
		<testcase name="POST /student-grades/" time="38.407000"/>
		<testcase name="POST /student-requirements/" time="22.312000"/>
		<testcase name="POST /student-requirements/bulk" time="17.312000"/>
		<testcase name="POST /students/" time="38.813000"/>
		<testcase name="POST /students/{student_id}/profile" time="82.171000"/>
		<testcase name="POST /survey-rules/" time="43.485000"/>
		<testcase name="POST /system-settings/" time="30.750000"/>
		<testcase name="POST /users/" time="22.110000"/>
		<testcase name="PUT /academic-calendar/{event_id}" time="21.515000"/>
		<testcase name="PUT /academic-rules/{rule_id}" time="20.016000"/>
		<testcase name="PUT /announcements/{announcement_id}" time="22.078000"/>
		<testcase name="PUT /attendance/{record_id}" time="16.000000"/>
		<testcase name="PUT /committees/{committee_id}" time="20.610000"/>
		<testcase name="PUT /course-closures/{closure_id}" time="18.265000"/>
		<testcase name="PUT /course-equivalences/{equivalence_id}" time="29.828000"/>
		<testcase name="PUT /courses/{course_id}" time="37.532000"/>
		<testcase name="PUT /departments/{department_id}" time="19.265000"/>
		<testcase name="PUT /enrollments/{enrollment_id}" time="13.282000"/>
		<testcase name="PUT /faculties/{faculty_id}" time="29.391000"/>
		<testcase name="PUT /fee-setup/{fee_id}" time="24.046000"/>
		<testcase name="PUT /financial/{record_id}" time="38.844000"/>
		<testcase name="PUT /grades/{grade_id}" time="68.313000"/>
		<testcase name="PUT /programs/{program_id}" time="80.000000"/>
		<testcase name="PUT /registration-requests/blocks/{block_id}" time="26.764000"/>
		<testcase name="PUT /registration-requests/{request_id}" time="23.016000"/>
		<testcase name="PUT /regulations/{regulation_id}" time="34.157000"/>
		<testcase name="PUT /report-signatures/{id}" time="15.437000"/>
		<testcase name="PUT /rooms/{room_id}" time="15.907000"/>
		<testcase name="PUT /schedules/{schedule_id}" time="23.796000"/>
		<testcase name="PUT /staff/{staff_id}" time="18.938000"/>
		<testcase name="PUT /student-grades/{grade_id}" time="20.077000"/>
		<testcase name="PUT /student-requirements/{req_id}" time="13.844000"/>
		<testcase name="PUT /students/{student_id}" time="54.000000"/>
		<testcase name="PUT /survey-rules/{rule_id}" time="16.594000"/>
		<testcase name="PUT /system-settings/{setting_id}" time="18.156000"/>
		<testcase name="PUT /users/{user_id}" time="15.953000"/>
		<testcase name="GET /academic-calendar/" time="8.656000"/>
		<testcase name="GET /academic-calendar/{event_id}" time="1.891000"/>
		<testcase name="GET /academic-rules/" time="3.234000"/>
		<testcase name="GET /academic-rules/by-faculty/{faculty_id}" time="4.938000"/>
		<testcase name="GET /academic-rules/{rule_id}" time="3.250000"/>
		<testcase name="GET /activity-logs/" time="13.063000"/>
		<testcase name="GET /announcements/" time="5.780000"/>
		<testcase name="GET /announcements/{announcement_id}" time="3.125000"/>
		<testcase name="GET /attendance/" time="31.423000"/>
		<testcase name="GET /attendance/summary/{student_id}/{course_id}" time="5.469000"/>
		<testcase name="GET /attendance/{record_id}" time="4.733000"/>
		<testcase name="GET /committees/assignments" time="16.282000"/>
		<testcase name="GET /committees/{committee_id}" time="4.688000"/>
		<testcase name="GET /committees/{committee_id}/students" time="4.593000"/>
		<testcase name="GET /course-closures/" time="17.547000"/>
		<testcase name="GET /course-equivalences/" time="7.328000"/>
		<testcase name="GET /course-equivalences/{equivalence_id}" time="3.953000"/>
		<testcase name="GET /courses/" time="18.032000"/>
		<testcase name="GET /courses/{course_id}" time="4.062000"/>
		<testcase name="GET /courses/{course_id}/prerequisites" time="3.109000"/>
		<testcase name="GET /departments/" time="3.844000"/>
		<testcase name="GET /departments/{department_id}" time="2.750000"/>
		<testcase name="GET /enrollments/" time="23.203000"/>
		<testcase name="GET /enrollments/{enrollment_id}" time="3.937000"/>
		<testcase name="GET /faculties/{faculty_id}" time="4.891000"/>
		<testcase name="GET /fee-setup/" time="3.422000"/>
		<testcase name="GET /financial/" time="25.438000"/>
		<testcase name="GET /financial/fee-setup/" time="4.125000"/>
		<testcase name="GET /financial/student/{student_id}/summary" time="4.859000"/>
		<testcase name="GET /financial/{record_id}" time="4.407000"/>
		<testcase name="GET /grades/" time="24.296000"/>
		<testcase name="GET /grades/{grade_id}" time="5.766000"/>
		<testcase name="GET /programs/" time="3.312000"/>
		<testcase name="GET /programs/{program_id}" time="3.282000"/>
		<testcase name="GET /registration-requests/" time="8.547000"/>
		<testcase name="GET /registration-requests/blocks/" time="9.110000"/>
		<testcase name="GET /registration-requests/{request_id}" time="2.641000"/>
		<testcase name="GET /regulations/" time="6.094000"/>
		<testcase name="GET /regulations/{regulation_id}" time="2.860000"/>
		<testcase name="GET /report-signatures/" time="2.922000"/>
		<testcase name="GET /report-signatures/{id}" time="2.594000"/>
		<testcase name="GET /rooms/" time="14.921000"/>
		<testcase name="GET /rooms/{room_id}" time="2.766000"/>
		<testcase name="GET /schedules/" time="16.422000"/>
		<testcase name="GET /schedules/availability-grid" time="7.953000"/>
		<testcase name="GET /schedules/room-availability" time="7.453000"/>
		<testcase name="GET /schedules/student/{student_id}" time="8.797000"/>
		<testcase name="GET /schedules/{schedule_id}" time="4.031000"/>
		<testcase name="GET /staff/" time="5.985000"/>
		<testcase name="GET /staff/{staff_id}" time="2.156000"/>
		<testcase name="GET /student-documents/" time="2.922000"/>
		<testcase name="GET /student-grades/" time="20.468000"/>
		<testcase name="GET /student-grades/{grade_id}" time="3.547000"/>
		<testcase name="GET /student-requirements/" time="3.828000"/>
		<testcase name="GET /students/" time="40.891000"/>
		<testcase name="GET /students/count" time="16.812000"/>
		<testcase name="GET /students/statistics" time="4.422000"/>
		<testcase name="GET /students/{student_id}" time="2.922000"/>
		<testcase name="GET /students/{student_id}/profile" time="2.891000"/>
		<testcase name="GET /survey-rules/" time="2.609000"/>
		<testcase name="GET /survey-rules/{rule_id}" time="2.641000"/>
		<testcase name="GET /system-settings/" time="2.593000"/>
		<testcase name="GET /users/" time="7.438000"/>
		<testcase name="DELETE /academic-calendar/{event_id}" time="2.766000"/>
		<testcase name="DELETE /academic-rules/{rule_id}" time="2.593000"/>
		<testcase name="DELETE /announcements/{announcement_id}" time="2.953000"/>
		<testcase name="DELETE /attendance/{record_id}" time="5.266000"/>
		<testcase name="DELETE /committees/{committee_id}" time="3.657000"/>
		<testcase name="DELETE /committees/{committee_id}/students/{student_id}" time="6.108000"/>
		<testcase name="DELETE /course-closures/{closure_id}" time="3.860000"/>
		<testcase name="DELETE /course-equivalences/{equivalence_id}" time="3.937000"/>
		<testcase name="DELETE /courses/{course_id}" time="2.922000"/>
		<testcase name="DELETE /courses/{course_id}/prerequisites/{prereq_id}" time="4.938000"/>
		<testcase name="DELETE /departments/{department_id}" time="2.562000"/>
		<testcase name="DELETE /enrollments/{enrollment_id}" time="3.532000"/>
		<testcase name="DELETE /faculties/{faculty_id}" time="1.797000"/>
		<testcase name="DELETE /fee-setup/{fee_id}" time="3.936000"/>
		<testcase name="DELETE /financial/{record_id}" time="3.532000"/>
		<testcase name="DELETE /grades/{grade_id}" time="3.625000"/>
		<testcase name="DELETE /programs/{program_id}" time="2.937000"/>
		<testcase name="DELETE /registration-requests/{request_id}" time="2.641000"/>
		<testcase name="DELETE /regulations/{regulation_id}" time="2.609000"/>
		<testcase name="DELETE /report-signatures/{id}" time="2.625000"/>
		<testcase name="DELETE /rooms/{room_id}" time="2.579000"/>
		<testcase name="DELETE /schedules/{schedule_id}" time="3.547000"/>
		<testcase name="DELETE /staff/{staff_id}" time="2.594000"/>
		<testcase name="DELETE /student-documents/{doc_id}" time="7.500000"/>
		<testcase name="DELETE /student-grades/{grade_id}" time="4.172000"/>
		<testcase name="DELETE /students/{student_id}" time="2.687000"/>
		<testcase name="DELETE /survey-rules/{rule_id}" time="2.641000"/>
		<testcase name="DELETE /system-settings/{setting_id}" time="2.969000"/>
		<testcase name="DELETE /users/{user_id}" time="3.110000"/>
		<testcase name="Stateful tests" time="22.642000"/>
	</testsuite>
</testsuites>
